#
# There is insufficient memory for the Java Runtime Environment to continue.
# Native memory allocation (mmap) failed to map 160432128 bytes for committing reserved memory.
# Possible reasons:
#   The system is out of physical RAM or swap space
#   In 32 bit mode, the process size limit was hit
# Possible solutions:
#   Reduce memory load on the system
#   Increase physical memory or swap space
#   Check if swap backing store is full
#   Use 64 bit Java on a 64 bit OS
#   Decrease Java heap size (-Xmx/-Xms)
#   Decrease number of Java threads
#   Decrease Java thread stack sizes (-Xss)
#   Set larger code cache with -XX:ReservedCodeCacheSize=
# This output file may be truncated or incomplete.
#
#  Out of Memory Error (os_linux.cpp:2673), pid=22362, tid=139728374781696
#
# JRE version: Java(TM) SE Runtime Environment (8.0_45-b14) (build 1.8.0_45-b14)
# Java VM: Java HotSpot(TM) 64-Bit Server VM (25.45-b02 mixed mode linux-amd64 compressed oops)
# Failed to write core dump. Core dumps have been disabled. To enable core dumping, try "ulimit -c unlimited" before starting Java again
#

---------------  T H R E A D  ---------------

Current thread (0x00007f151c07a000):  VMThread [stack: 0x00007f150c14d000,0x00007f150c24e000] [id=22372]

Stack: [0x00007f150c14d000,0x00007f150c24e000],  sp=0x00007f150c24bfe0,  free space=1019k
Native frames: (J=compiled Java code, j=interpreted, Vv=VM code, C=native code)
V  [libjvm.so+0xaac99a]  VMError::report_and_die()+0x2ba
V  [libjvm.so+0x4f333b]  report_vm_out_of_memory(char const*, int, unsigned long, VMErrorType, char const*)+0x8b
V  [libjvm.so+0x90e7c3]  os::Linux::commit_memory_impl(char*, unsigned long, bool)+0x103
V  [libjvm.so+0x90ed19]  os::pd_commit_memory(char*, unsigned long, unsigned long, bool)+0x29
V  [libjvm.so+0x90867a]  os::commit_memory(char*, unsigned long, unsigned long, bool)+0x2a
V  [libjvm.so+0x97bac3]  PSVirtualSpace::expand_by(unsigned long)+0x53
V  [libjvm.so+0x97cec8]  PSYoungGen::resize_generation(unsigned long, unsigned long)+0xf8
V  [libjvm.so+0x97c022]  PSYoungGen::resize(unsigned long, unsigned long)+0x22
V  [libjvm.so+0x9792fb]  PSScavenge::invoke_no_policy()+0xf7b
V  [libjvm.so+0x979a81]  PSScavenge::invoke()+0x41
V  [libjvm.so+0x932050]  ParallelScavengeHeap::failed_mem_allocate(unsigned long)+0x70
V  [libjvm.so+0xaae1d7]  VM_ParallelGCFailedAllocation::doit()+0x97
V  [libjvm.so+0xab59c5]  VM_Operation::evaluate()+0x55
V  [libjvm.so+0xab3d9a]  VMThread::evaluate_operation(VM_Operation*)+0xba
V  [libjvm.so+0xab411e]  VMThread::loop()+0x1ce
V  [libjvm.so+0xab4590]  VMThread::run()+0x70
V  [libjvm.so+0x910de8]  java_start(Thread*)+0x108

VM_Operation (0x00007f15248de570): ParallelGCFailedAllocation, mode: safepoint, requested by thread 0x00007f151c00c000


---------------  P R O C E S S  ---------------

Java Threads: ( => current thread )
  0x00007f151c0c4800 JavaThread "Service Thread" daemon [_thread_blocked, id=22379, stack(0x00007f1505731000,0x00007f1505832000)]
  0x00007f151c0bf800 JavaThread "C1 CompilerThread2" daemon [_thread_blocked, id=22378, stack(0x00007f1505832000,0x00007f1505933000)]
  0x00007f151c0bd800 JavaThread "C2 CompilerThread1" daemon [_thread_blocked, id=22377, stack(0x00007f1505933000,0x00007f1505a34000)]
  0x00007f151c0bb000 JavaThread "C2 CompilerThread0" daemon [_thread_blocked, id=22376, stack(0x00007f1505a34000,0x00007f1505b35000)]
  0x00007f151c0b9800 JavaThread "Signal Dispatcher" daemon [_thread_blocked, id=22375, stack(0x00007f1505b35000,0x00007f1505c36000)]
  0x00007f151c081000 JavaThread "Finalizer" daemon [_thread_blocked, id=22374, stack(0x00007f1505eff000,0x00007f1506000000)]
  0x00007f151c07f000 JavaThread "Reference Handler" daemon [_thread_blocked, id=22373, stack(0x00007f150c04c000,0x00007f150c14d000)]
  0x00007f151c00c000 JavaThread "main" [_thread_blocked, id=22367, stack(0x00007f15247df000,0x00007f15248e0000)]

Other Threads:
=>0x00007f151c07a000 VMThread [stack: 0x00007f150c14d000,0x00007f150c24e000] [id=22372]
  0x00007f151c0c7000 WatcherThread [stack: 0x00007f1505630000,0x00007f1505731000] [id=22380]

VM state:at safepoint (normal execution)

VM Mutex/Monitor currently owned by a thread:  ([mutex/lock_event])
[0x00007f151c008570] Threads_lock - owner thread: 0x00007f151c07a000
[0x00007f151c008a70] Heap_lock - owner thread: 0x00007f151c00c000

Heap:
 PSYoungGen      total 132096K, used 5109K [0x00000000eab00000, 0x00000000f3100000, 0x0000000100000000)
  eden space 126976K, 0% used [0x00000000eab00000,0x00000000eab00000,0x00000000f2700000)
  from space 5120K, 99% used [0x00000000f2700000,0x00000000f2bfd560,0x00000000f2c00000)
  to   space 5120K, 0% used [0x00000000f2c00000,0x00000000f2c00000,0x00000000f3100000)
 ParOldGen       total 84992K, used 34824K [0x00000000c0000000, 0x00000000c5300000, 0x00000000eab00000)
  object space 84992K, 40% used [0x00000000c0000000,0x00000000c2202030,0x00000000c5300000)
 Metaspace       used 8058K, capacity 8280K, committed 8576K, reserved 1056768K
  class space    used 754K, capacity 784K, committed 896K, reserved 1048576K

Card table byte_map: [0x00007f15213c1000,0x00007f15215c2000] byte_map_base: 0x00007f1520dc1000

Marking Bits: (ParMarkBitMap*) 0x00007f1523cbf760
 Begin Bits: [0x00007f1506000000, 0x00007f1507000000)
 End Bits:   [0x00007f1507000000, 0x00007f1508000000)

Polling page: 0x00007f1524906000

CodeCache: size=245760Kb used=10896Kb max_used=10906Kb free=234863Kb
 bounds [0x00007f150d000000, 0x00007f150dac0000, 0x00007f151c000000]
 total_blobs=3328 nmethods=3033 adapters=208
 compilation: enabled

Compilation events (10 events):
Event: 8.517 Thread 0x00007f151c0bb000 2810   !   4       com.android.dex.Dex$Section::writeStringData (36 bytes)
Event: 8.518 Thread 0x00007f151c0bd800 nmethod 2963 0x00007f150daa8190 code [0x00007f150daa82e0, 0x00007f150daa83f8]
Event: 8.518 Thread 0x00007f151c0bd800 3035       4       com.android.dex.Dex$Section::<init> (8 bytes)
Event: 8.520 Thread 0x00007f151c0bd800 nmethod 3035 0x00007f150daa0c50 code [0x00007f150daa0da0, 0x00007f150daa0e38]
Event: 8.520 Thread 0x00007f151c0bd800 3036       4       com.android.dex.Dex$Section::<init> (28 bytes)
Event: 8.521 Thread 0x00007f151c0bd800 nmethod 3036 0x00007f150daa09d0 code [0x00007f150daa0b20, 0x00007f150daa0bb8]
Event: 8.524 Thread 0x00007f151c0bf800 3088       3       java.nio.charset.CoderResult::isUnderflow (13 bytes)
Event: 8.524 Thread 0x00007f151c0bf800 nmethod 3088 0x00007f150daa6e10 code [0x00007f150daa6f80, 0x00007f150daa7130]
Event: 8.524 Thread 0x00007f151c0bf800 3089       3       java.io.BufferedWriter::ensureOpen (18 bytes)
Event: 8.524 Thread 0x00007f151c0bf800 nmethod 3089 0x00007f150daa6990 code [0x00007f150daa6b00, 0x00007f150daa6d48]

GC Heap History (9 events):
Event: 1.756 GC heap before
{Heap before GC invocations=1 (full 0):
 PSYoungGen      total 36864K, used 31744K [0x00000000eab00000, 0x00000000ed400000, 0x0000000100000000)
  eden space 31744K, 100% used [0x00000000eab00000,0x00000000eca00000,0x00000000eca00000)
  from space 5120K, 0% used [0x00000000ecf00000,0x00000000ecf00000,0x00000000ed400000)
  to   space 5120K, 0% used [0x00000000eca00000,0x00000000eca00000,0x00000000ecf00000)
 ParOldGen       total 84992K, used 0K [0x00000000c0000000, 0x00000000c5300000, 0x00000000eab00000)
  object space 84992K, 0% used [0x00000000c0000000,0x00000000c0000000,0x00000000c5300000)
 Metaspace       used 5591K, capacity 6896K, committed 7040K, reserved 1056768K
  class space    used 544K, capacity 616K, committed 640K, reserved 1048576K
Event: 1.824 GC heap after
Heap after GC invocations=1 (full 0):
 PSYoungGen      total 36864K, used 5088K [0x00000000eab00000, 0x00000000ef300000, 0x0000000100000000)
  eden space 31744K, 0% used [0x00000000eab00000,0x00000000eab00000,0x00000000eca00000)
  from space 5120K, 99% used [0x00000000eca00000,0x00000000ecef8048,0x00000000ecf00000)
  to   space 5120K, 0% used [0x00000000eee00000,0x00000000eee00000,0x00000000ef300000)
 ParOldGen       total 84992K, used 1429K [0x00000000c0000000, 0x00000000c5300000, 0x00000000eab00000)
  object space 84992K, 1% used [0x00000000c0000000,0x00000000c0165468,0x00000000c5300000)
 Metaspace       used 5591K, capacity 6896K, committed 7040K, reserved 1056768K
  class space    used 544K, capacity 616K, committed 640K, reserved 1048576K
}
Event: 2.616 GC heap before
{Heap before GC invocations=2 (full 0):
 PSYoungGen      total 36864K, used 36832K [0x00000000eab00000, 0x00000000ef300000, 0x0000000100000000)
  eden space 31744K, 100% used [0x00000000eab00000,0x00000000eca00000,0x00000000eca00000)
  from space 5120K, 99% used [0x00000000eca00000,0x00000000ecef8048,0x00000000ecf00000)
  to   space 5120K, 0% used [0x00000000eee00000,0x00000000eee00000,0x00000000ef300000)
 ParOldGen       total 84992K, used 1429K [0x00000000c0000000, 0x00000000c5300000, 0x00000000eab00000)
  object space 84992K, 1% used [0x00000000c0000000,0x00000000c0165468,0x00000000c5300000)
 Metaspace       used 5772K, capacity 7024K, committed 7296K, reserved 1056768K
  class space    used 547K, capacity 616K, committed 640K, reserved 1048576K
Event: 2.659 GC heap after
Heap after GC invocations=2 (full 0):
 PSYoungGen      total 68608K, used 5095K [0x00000000eab00000, 0x00000000ef300000, 0x0000000100000000)
  eden space 63488K, 0% used [0x00000000eab00000,0x00000000eab00000,0x00000000ee900000)
  from space 5120K, 99% used [0x00000000eee00000,0x00000000ef2f9e08,0x00000000ef300000)
  to   space 5120K, 0% used [0x00000000ee900000,0x00000000ee900000,0x00000000eee00000)
 ParOldGen       total 84992K, used 6399K [0x00000000c0000000, 0x00000000c5300000, 0x00000000eab00000)
  object space 84992K, 7% used [0x00000000c0000000,0x00000000c063fe90,0x00000000c5300000)
 Metaspace       used 5772K, capacity 7024K, committed 7296K, reserved 1056768K
  class space    used 547K, capacity 616K, committed 640K, reserved 1048576K
}
Event: 3.807 GC heap before
{Heap before GC invocations=3 (full 0):
 PSYoungGen      total 68608K, used 68583K [0x00000000eab00000, 0x00000000ef300000, 0x0000000100000000)
  eden space 63488K, 100% used [0x00000000eab00000,0x00000000ee900000,0x00000000ee900000)
  from space 5120K, 99% used [0x00000000eee00000,0x00000000ef2f9e08,0x00000000ef300000)
  to   space 5120K, 0% used [0x00000000ee900000,0x00000000ee900000,0x00000000eee00000)
 ParOldGen       total 84992K, used 6399K [0x00000000c0000000, 0x00000000c5300000, 0x00000000eab00000)
  object space 84992K, 7% used [0x00000000c0000000,0x00000000c063fe90,0x00000000c5300000)
 Metaspace       used 5872K, capacity 7152K, committed 7296K, reserved 1056768K
  class space    used 550K, capacity 616K, committed 640K, reserved 1048576K
Event: 3.851 GC heap after
Heap after GC invocations=3 (full 0):
 PSYoungGen      total 68608K, used 5105K [0x00000000eab00000, 0x00000000f3100000, 0x0000000100000000)
  eden space 63488K, 0% used [0x00000000eab00000,0x00000000eab00000,0x00000000ee900000)
  from space 5120K, 99% used [0x00000000ee900000,0x00000000eedfc640,0x00000000eee00000)
  to   space 5120K, 0% used [0x00000000f2c00000,0x00000000f2c00000,0x00000000f3100000)
 ParOldGen       total 84992K, used 16637K [0x00000000c0000000, 0x00000000c5300000, 0x00000000eab00000)
  object space 84992K, 19% used [0x00000000c0000000,0x00000000c103f460,0x00000000c5300000)
 Metaspace       used 5872K, capacity 7152K, committed 7296K, reserved 1056768K
  class space    used 550K, capacity 616K, committed 640K, reserved 1048576K
}
Event: 5.778 GC heap before
{Heap before GC invocations=4 (full 0):
 PSYoungGen      total 68608K, used 68509K [0x00000000eab00000, 0x00000000f3100000, 0x0000000100000000)
  eden space 63488K, 99% used [0x00000000eab00000,0x00000000ee8eae58,0x00000000ee900000)
  from space 5120K, 99% used [0x00000000ee900000,0x00000000eedfc640,0x00000000eee00000)
  to   space 5120K, 0% used [0x00000000f2c00000,0x00000000f2c00000,0x00000000f3100000)
 ParOldGen       total 84992K, used 16637K [0x00000000c0000000, 0x00000000c5300000, 0x00000000eab00000)
  object space 84992K, 19% used [0x00000000c0000000,0x00000000c103f460,0x00000000c5300000)
 Metaspace       used 5933K, capacity 7152K, committed 7296K, reserved 1056768K
  class space    used 552K, capacity 616K, committed 640K, reserved 1048576K
Event: 5.823 GC heap after
Heap after GC invocations=4 (full 0):
 PSYoungGen      total 132096K, used 5095K [0x00000000eab00000, 0x00000000f3100000, 0x0000000100000000)
  eden space 126976K, 0% used [0x00000000eab00000,0x00000000eab00000,0x00000000f2700000)
  from space 5120K, 99% used [0x00000000f2c00000,0x00000000f30f9cb8,0x00000000f3100000)
  to   space 5120K, 0% used [0x00000000f2700000,0x00000000f2700000,0x00000000f2c00000)
 ParOldGen       total 84992K, used 29259K [0x00000000c0000000, 0x00000000c5300000, 0x00000000eab00000)
  object space 84992K, 34% used [0x00000000c0000000,0x00000000c1c92f90,0x00000000c5300000)
 Metaspace       used 5933K, capacity 7152K, committed 7296K, reserved 1056768K
  class space    used 552K, capacity 616K, committed 640K, reserved 1048576K
}
Event: 8.526 GC heap before
{Heap before GC invocations=5 (full 0):
 PSYoungGen      total 132096K, used 132071K [0x00000000eab00000, 0x00000000f3100000, 0x0000000100000000)
  eden space 126976K, 100% used [0x00000000eab00000,0x00000000f2700000,0x00000000f2700000)
  from space 5120K, 99% used [0x00000000f2c00000,0x00000000f30f9cb8,0x00000000f3100000)
  to   space 5120K, 0% used [0x00000000f2700000,0x00000000f2700000,0x00000000f2c00000)
 ParOldGen       total 84992K, used 29259K [0x00000000c0000000, 0x00000000c5300000, 0x00000000eab00000)
  object space 84992K, 34% used [0x00000000c0000000,0x00000000c1c92f90,0x00000000c5300000)
 Metaspace       used 8058K, capacity 8280K, committed 8576K, reserved 1056768K
  class space    used 754K, capacity 784K, committed 896K, reserved 1048576K

Deoptimization events (10 events):
Event: 7.416 Thread 0x00007f151c00c000 Uncommon trap: reason=class_check action=maybe_recompile pc=0x00007f150d370d70 method=java.util.ArrayList.<init>(Ljava/util/Collection;)V @ 6
Event: 7.518 Thread 0x00007f151c00c000 Uncommon trap: reason=unstable_if action=reinterpret pc=0x00007f150d957308 method=com.android.dex.util.Unsigned.compare(II)I @ 2
Event: 7.519 Thread 0x00007f151c00c000 Uncommon trap: reason=unstable_if action=reinterpret pc=0x00007f150d9603fc method=com.android.dex.util.Unsigned.compare(II)I @ 2
Event: 7.532 Thread 0x00007f151c00c000 Uncommon trap: reason=predicate action=maybe_recompile pc=0x00007f150d94727c method=com.android.dex.Leb128.readUnsignedLeb128(Lcom/android/dex/util/ByteInput;)I @ 41
Event: 7.538 Thread 0x00007f151c00c000 Uncommon trap: reason=unstable_if action=reinterpret pc=0x00007f150d94c224 method=com.android.dex.EncodedValue.compareTo(Lcom/android/dex/EncodedValue;)I @ 18
Event: 7.677 Thread 0x00007f151c00c000 Uncommon trap: reason=unstable_if action=reinterpret pc=0x00007f150da1182c method=com.android.dex.Mutf8.decode(Lcom/android/dex/util/ByteInput;[C)Ljava/lang/String; @ 37
Event: 7.678 Thread 0x00007f151c00c000 Uncommon trap: reason=unstable_if action=reinterpret pc=0x00007f150da09eec method=com.android.dex.Mutf8.countBytes(Ljava/lang/String;Z)J @ 35
Event: 7.678 Thread 0x00007f151c00c000 Uncommon trap: reason=unstable_if action=reinterpret pc=0x00007f150d8fb29c method=com.android.dex.Mutf8.encode([BILjava/lang/String;)V @ 31
Event: 7.678 Thread 0x00007f151c00c000 Uncommon trap: reason=unstable_if action=reinterpret pc=0x00007f150d8fa0e4 method=com.android.dex.Mutf8.decode(Lcom/android/dex/util/ByteInput;[C)Ljava/lang/String; @ 37
Event: 7.678 Thread 0x00007f151c00c000 Uncommon trap: reason=unstable_if action=reinterpret pc=0x00007f150d8fab98 method=com.android.dex.Mutf8.countBytes(Ljava/lang/String;Z)J @ 35

Internal exceptions (7 events):
Event: 0.045 Thread 0x00007f151c00c000 Exception <a 'java/lang/NoSuchMethodError': Method sun.misc.Unsafe.defineClass(Ljava/lang/String;[BII)Ljava/lang/Class; name or signature does not match> (0x00000000eab12a38) thrown at [/RE-WORK/workspace/8-2-build-linux-amd64/jdk8u45/3457/hotspot/src/sha
Event: 0.045 Thread 0x00007f151c00c000 Exception <a 'java/lang/NoSuchMethodError': Method sun.misc.Unsafe.prefetchRead(Ljava/lang/Object;J)V name or signature does not match> (0x00000000eab12cc8) thrown at [/RE-WORK/workspace/8-2-build-linux-amd64/jdk8u45/3457/hotspot/src/share/vm/prims/jni.cp
Event: 1.845 Thread 0x00007f151c00c000 Implicit null exception at 0x00007f150d2d4b22 to 0x00007f150d2d4c13
Event: 7.362 Thread 0x00007f151c00c000 Exception <a 'java/security/PrivilegedActionException'> (0x00000000ec333620) thrown at [/RE-WORK/workspace/8-2-build-linux-amd64/jdk8u45/3457/hotspot/src/share/vm/prims/jvm.cpp, line 1382]
Event: 7.362 Thread 0x00007f151c00c000 Exception <a 'java/security/PrivilegedActionException'> (0x00000000ec333968) thrown at [/RE-WORK/workspace/8-2-build-linux-amd64/jdk8u45/3457/hotspot/src/share/vm/prims/jvm.cpp, line 1382]
Event: 7.362 Thread 0x00007f151c00c000 Exception <a 'java/security/PrivilegedActionException'> (0x00000000ec3363a8) thrown at [/RE-WORK/workspace/8-2-build-linux-amd64/jdk8u45/3457/hotspot/src/share/vm/prims/jvm.cpp, line 1382]
Event: 7.362 Thread 0x00007f151c00c000 Exception <a 'java/security/PrivilegedActionException'> (0x00000000ec3366f0) thrown at [/RE-WORK/workspace/8-2-build-linux-amd64/jdk8u45/3457/hotspot/src/share/vm/prims/jvm.cpp, line 1382]

Events (10 events):
Event: 8.182 loading class com/android/dex/Dex$1 done
Event: 8.426 Thread 0x00007f151c00c000 DEOPT PACKING pc=0x00007f150da46f6a sp=0x00007f15248de3e0
Event: 8.426 Thread 0x00007f151c00c000 DEOPT UNPACKING pc=0x00007f150d047633 sp=0x00007f15248de108 mode 0
Event: 8.437 Thread 0x00007f151c00c000 DEOPT PACKING pc=0x00007f150da3fa79 sp=0x00007f15248de4c0
Event: 8.437 Thread 0x00007f151c00c000 DEOPT UNPACKING pc=0x00007f150d047633 sp=0x00007f15248de260 mode 0
Event: 8.449 Thread 0x00007f151c00c000 DEOPT PACKING pc=0x00007f150da3fa79 sp=0x00007f15248de4c0
Event: 8.449 Thread 0x00007f151c00c000 DEOPT UNPACKING pc=0x00007f150d047633 sp=0x00007f15248de260 mode 0
Event: 8.490 Thread 0x00007f151c00c000 DEOPT PACKING pc=0x00007f150da197c6 sp=0x00007f15248de390
Event: 8.490 Thread 0x00007f151c00c000 DEOPT UNPACKING pc=0x00007f150d047633 sp=0x00007f15248de0d0 mode 0
Event: 8.526 Executing VM operation: ParallelGCFailedAllocation


Dynamic libraries:
00400000-00401000 r-xp 00000000 08:06 6571344                            /usr/lib/jvm/java-8-oracle/bin/java
00600000-00601000 rw-p 00000000 08:06 6571344                            /usr/lib/jvm/java-8-oracle/bin/java
016f6000-01717000 rw-p 00000000 00:00 0                                  [heap]
c0000000-c5300000 rw-p 00000000 00:00 0 
c5300000-eab00000 ---p 00000000 00:00 0 
eab00000-f3100000 rw-p 00000000 00:00 0 
fca00000-100000000 ---p 00000000 00:00 0 
100000000-1000e0000 rw-p 00000000 00:00 0 
1000e0000-140000000 ---p 00000000 00:00 0 
7f14d0000000-7f14d0021000 rw-p 00000000 00:00 0 
7f14d0021000-7f14d4000000 ---p 00000000 00:00 0 
7f14d8000000-7f14d8c7e000 rw-p 00000000 00:00 0 
7f14d8c7e000-7f14dc000000 ---p 00000000 00:00 0 
7f14dc000000-7f14dc021000 rw-p 00000000 00:00 0 
7f14dc021000-7f14e0000000 ---p 00000000 00:00 0 
7f14e0000000-7f14e17c8000 rw-p 00000000 00:00 0 
7f14e17c8000-7f14e4000000 ---p 00000000 00:00 0 
7f14e4000000-7f14e5558000 rw-p 00000000 00:00 0 
7f14e5558000-7f14e8000000 ---p 00000000 00:00 0 
7f14e8000000-7f14e8021000 rw-p 00000000 00:00 0 
7f14e8021000-7f14ec000000 ---p 00000000 00:00 0 
7f14ec000000-7f14ec021000 rw-p 00000000 00:00 0 
7f14ec021000-7f14f0000000 ---p 00000000 00:00 0 
7f14f0000000-7f14f028a000 rw-p 00000000 00:00 0 
7f14f028a000-7f14f4000000 ---p 00000000 00:00 0 
7f14f4000000-7f14f4021000 rw-p 00000000 00:00 0 
7f14f4021000-7f14f8000000 ---p 00000000 00:00 0 
7f14f8000000-7f14f8021000 rw-p 00000000 00:00 0 
7f14f8021000-7f14fc000000 ---p 00000000 00:00 0 
7f14fc000000-7f14fc021000 rw-p 00000000 00:00 0 
7f14fc021000-7f1500000000 ---p 00000000 00:00 0 
7f1500000000-7f1500021000 rw-p 00000000 00:00 0 
7f1500021000-7f1504000000 ---p 00000000 00:00 0 
7f1505630000-7f1505631000 ---p 00000000 00:00 0 
7f1505631000-7f1505731000 rw-p 00000000 00:00 0                          [stack:22380]
7f1505731000-7f1505734000 ---p 00000000 00:00 0 
7f1505734000-7f1505832000 rw-p 00000000 00:00 0                          [stack:22379]
7f1505832000-7f1505835000 ---p 00000000 00:00 0 
7f1505835000-7f1505933000 rw-p 00000000 00:00 0                          [stack:22378]
7f1505933000-7f1505936000 ---p 00000000 00:00 0 
7f1505936000-7f1505a34000 rw-p 00000000 00:00 0                          [stack:22377]
7f1505a34000-7f1505a37000 ---p 00000000 00:00 0 
7f1505a37000-7f1505b35000 rw-p 00000000 00:00 0                          [stack:22376]
7f1505b35000-7f1505b38000 ---p 00000000 00:00 0 
7f1505b38000-7f1505c36000 rw-p 00000000 00:00 0                          [stack:22375]
7f1505c36000-7f1505eff000 r--p 00000000 08:06 6561559                    /usr/lib/locale/locale-archive
7f1505eff000-7f1505f02000 ---p 00000000 00:00 0 
7f1505f02000-7f1508000000 rw-p 00000000 00:00 0                          [stack:22374]
7f1508000000-7f1508021000 rw-p 00000000 00:00 0 
7f1508021000-7f150c000000 ---p 00000000 00:00 0 
7f150c025000-7f150c041000 r--s 00393000 08:06 6560247                    /usr/lib/jvm/java-8-oracle/jre/lib/ext/cldrdata.jar
7f150c041000-7f150c04c000 r--s 00116000 08:06 6560245                    /usr/lib/jvm/java-8-oracle/jre/lib/ext/localedata.jar
7f150c04c000-7f150c04f000 ---p 00000000 00:00 0 
7f150c04f000-7f150c14d000 rw-p 00000000 00:00 0                          [stack:22373]
7f150c14d000-7f150c14e000 ---p 00000000 00:00 0 
7f150c14e000-7f150d000000 rw-p 00000000 00:00 0                          [stack:22372]
7f150d000000-7f150dac0000 rwxp 00000000 00:00 0 
7f150dac0000-7f151c000000 ---p 00000000 00:00 0 
7f151c000000-7f151c39a000 rw-p 00000000 00:00 0 
7f151c39a000-7f1520000000 ---p 00000000 00:00 0 
7f1520007000-7f1520016000 r--s 000dd000 08:06 2107813                    /home/user/Android/Sdk/build-tools/22.0.1/lib/dx.jar
7f1520016000-7f1520218000 rw-p 00000000 00:00 0 
7f1520218000-7f15203f1000 r--s 03d09000 08:06 6560195                    /usr/lib/jvm/java-8-oracle/jre/lib/rt.jar
7f15203f1000-7f1520be7000 rw-p 00000000 00:00 0 
7f1520be7000-7f1520c67000 ---p 00000000 00:00 0 
7f1520c67000-7f1520e67000 rw-p 00000000 00:00 0 
7f1520e67000-7f1520e68000 ---p 00000000 00:00 0 
7f1520e68000-7f1520f68000 rw-p 00000000 00:00 0                          [stack:22371]
7f1520f68000-7f1520f69000 ---p 00000000 00:00 0 
7f1520f69000-7f1521069000 rw-p 00000000 00:00 0                          [stack:22370]
7f1521069000-7f152106a000 ---p 00000000 00:00 0 
7f152106a000-7f152116a000 rw-p 00000000 00:00 0                          [stack:22369]
7f152116a000-7f152116b000 ---p 00000000 00:00 0 
7f152116b000-7f1521295000 rw-p 00000000 00:00 0                          [stack:22368]
7f1521295000-7f15213c1000 ---p 00000000 00:00 0 
7f15213c1000-7f15213eb000 rw-p 00000000 00:00 0 
7f15213eb000-7f1521516000 ---p 00000000 00:00 0 
7f1521516000-7f152155a000 rw-p 00000000 00:00 0 
7f152155a000-7f15215c1000 ---p 00000000 00:00 0 
7f15215c1000-7f15215ed000 rw-p 00000000 00:00 0 
7f15215ed000-7f1521982000 ---p 00000000 00:00 0 
7f1521982000-7f152199c000 r-xp 00000000 08:06 6560302                    /usr/lib/jvm/java-8-oracle/jre/lib/amd64/libzip.so
7f152199c000-7f1521b9c000 ---p 0001a000 08:06 6560302                    /usr/lib/jvm/java-8-oracle/jre/lib/amd64/libzip.so
7f1521b9c000-7f1521b9d000 rw-p 0001a000 08:06 6560302                    /usr/lib/jvm/java-8-oracle/jre/lib/amd64/libzip.so
7f1521b9d000-7f1521ba8000 r-xp 00000000 08:06 5127511                    /lib/x86_64-linux-gnu/libnss_files-2.19.so
7f1521ba8000-7f1521da7000 ---p 0000b000 08:06 5127511                    /lib/x86_64-linux-gnu/libnss_files-2.19.so
7f1521da7000-7f1521da8000 r--p 0000a000 08:06 5127511                    /lib/x86_64-linux-gnu/libnss_files-2.19.so
7f1521da8000-7f1521da9000 rw-p 0000b000 08:06 5127511                    /lib/x86_64-linux-gnu/libnss_files-2.19.so
7f1521da9000-7f1521db4000 r-xp 00000000 08:06 5127541                    /lib/x86_64-linux-gnu/libnss_nis-2.19.so
7f1521db4000-7f1521fb3000 ---p 0000b000 08:06 5127541                    /lib/x86_64-linux-gnu/libnss_nis-2.19.so
7f1521fb3000-7f1521fb4000 r--p 0000a000 08:06 5127541                    /lib/x86_64-linux-gnu/libnss_nis-2.19.so
7f1521fb4000-7f1521fb5000 rw-p 0000b000 08:06 5127541                    /lib/x86_64-linux-gnu/libnss_nis-2.19.so
7f1521fb5000-7f1521fcc000 r-xp 00000000 08:06 5127523                    /lib/x86_64-linux-gnu/libnsl-2.19.so
7f1521fcc000-7f15221cb000 ---p 00017000 08:06 5127523                    /lib/x86_64-linux-gnu/libnsl-2.19.so
7f15221cb000-7f15221cc000 r--p 00016000 08:06 5127523                    /lib/x86_64-linux-gnu/libnsl-2.19.so
7f15221cc000-7f15221cd000 rw-p 00017000 08:06 5127523                    /lib/x86_64-linux-gnu/libnsl-2.19.so
7f15221cd000-7f15221cf000 rw-p 00000000 00:00 0 
7f15221cf000-7f15221d8000 r-xp 00000000 08:06 5127522                    /lib/x86_64-linux-gnu/libnss_compat-2.19.so
7f15221d8000-7f15223d7000 ---p 00009000 08:06 5127522                    /lib/x86_64-linux-gnu/libnss_compat-2.19.so
7f15223d7000-7f15223d8000 r--p 00008000 08:06 5127522                    /lib/x86_64-linux-gnu/libnss_compat-2.19.so
7f15223d8000-7f15223d9000 rw-p 00009000 08:06 5127522                    /lib/x86_64-linux-gnu/libnss_compat-2.19.so
7f15223d9000-7f1522403000 r-xp 00000000 08:06 6560309                    /usr/lib/jvm/java-8-oracle/jre/lib/amd64/libjava.so
7f1522403000-7f1522603000 ---p 0002a000 08:06 6560309                    /usr/lib/jvm/java-8-oracle/jre/lib/amd64/libjava.so
7f1522603000-7f1522605000 rw-p 0002a000 08:06 6560309                    /usr/lib/jvm/java-8-oracle/jre/lib/amd64/libjava.so
7f1522605000-7f1522612000 r-xp 00000000 08:06 6568548                    /usr/lib/jvm/java-8-oracle/jre/lib/amd64/libverify.so
7f1522612000-7f1522812000 ---p 0000d000 08:06 6568548                    /usr/lib/jvm/java-8-oracle/jre/lib/amd64/libverify.so
7f1522812000-7f1522814000 rw-p 0000d000 08:06 6568548                    /usr/lib/jvm/java-8-oracle/jre/lib/amd64/libverify.so
7f1522814000-7f152281b000 r-xp 00000000 08:06 5127535                    /lib/x86_64-linux-gnu/librt-2.19.so
7f152281b000-7f1522a1a000 ---p 00007000 08:06 5127535                    /lib/x86_64-linux-gnu/librt-2.19.so
7f1522a1a000-7f1522a1b000 r--p 00006000 08:06 5127535                    /lib/x86_64-linux-gnu/librt-2.19.so
7f1522a1b000-7f1522a1c000 rw-p 00007000 08:06 5127535                    /lib/x86_64-linux-gnu/librt-2.19.so
7f1522a1c000-7f1522b21000 r-xp 00000000 08:06 5127509                    /lib/x86_64-linux-gnu/libm-2.19.so
7f1522b21000-7f1522d20000 ---p 00105000 08:06 5127509                    /lib/x86_64-linux-gnu/libm-2.19.so
7f1522d20000-7f1522d21000 r--p 00104000 08:06 5127509                    /lib/x86_64-linux-gnu/libm-2.19.so
7f1522d21000-7f1522d22000 rw-p 00105000 08:06 5127509                    /lib/x86_64-linux-gnu/libm-2.19.so
7f1522d22000-7f15239d0000 r-xp 00000000 08:06 6560306                    /usr/lib/jvm/java-8-oracle/jre/lib/amd64/server/libjvm.so
7f15239d0000-7f1523bcf000 ---p 00cae000 08:06 6560306                    /usr/lib/jvm/java-8-oracle/jre/lib/amd64/server/libjvm.so
7f1523bcf000-7f1523ca6000 rw-p 00cad000 08:06 6560306                    /usr/lib/jvm/java-8-oracle/jre/lib/amd64/server/libjvm.so
7f1523ca6000-7f1523cea000 rw-p 00000000 00:00 0 
7f1523cea000-7f1523ea5000 r-xp 00000000 08:06 5127529                    /lib/x86_64-linux-gnu/libc-2.19.so
7f1523ea5000-7f15240a4000 ---p 001bb000 08:06 5127529                    /lib/x86_64-linux-gnu/libc-2.19.so
7f15240a4000-7f15240a8000 r--p 001ba000 08:06 5127529                    /lib/x86_64-linux-gnu/libc-2.19.so
7f15240a8000-7f15240aa000 rw-p 001be000 08:06 5127529                    /lib/x86_64-linux-gnu/libc-2.19.so
7f15240aa000-7f15240af000 rw-p 00000000 00:00 0 
7f15240af000-7f15240b2000 r-xp 00000000 08:06 5127514                    /lib/x86_64-linux-gnu/libdl-2.19.so
7f15240b2000-7f15242b1000 ---p 00003000 08:06 5127514                    /lib/x86_64-linux-gnu/libdl-2.19.so
7f15242b1000-7f15242b2000 r--p 00002000 08:06 5127514                    /lib/x86_64-linux-gnu/libdl-2.19.so
7f15242b2000-7f15242b3000 rw-p 00003000 08:06 5127514                    /lib/x86_64-linux-gnu/libdl-2.19.so
7f15242b3000-7f15242c8000 r-xp 00000000 08:06 6583389                    /usr/lib/jvm/java-8-oracle/lib/amd64/jli/libjli.so
7f15242c8000-7f15244c8000 ---p 00015000 08:06 6583389                    /usr/lib/jvm/java-8-oracle/lib/amd64/jli/libjli.so
7f15244c8000-7f15244c9000 rw-p 00015000 08:06 6583389                    /usr/lib/jvm/java-8-oracle/lib/amd64/jli/libjli.so
7f15244c9000-7f15244e2000 r-xp 00000000 08:06 5127531                    /lib/x86_64-linux-gnu/libpthread-2.19.so
7f15244e2000-7f15246e1000 ---p 00019000 08:06 5127531                    /lib/x86_64-linux-gnu/libpthread-2.19.so
7f15246e1000-7f15246e2000 r--p 00018000 08:06 5127531                    /lib/x86_64-linux-gnu/libpthread-2.19.so
7f15246e2000-7f15246e3000 rw-p 00019000 08:06 5127531                    /lib/x86_64-linux-gnu/libpthread-2.19.so
7f15246e3000-7f15246e7000 rw-p 00000000 00:00 0 
7f15246e7000-7f152470a000 r-xp 00000000 08:06 5127525                    /lib/x86_64-linux-gnu/ld-2.19.so
7f152470b000-7f152470c000 rw-p 00000000 00:00 0 
7f152470c000-7f152470d000 r--p 00000000 08:06 6953274                    /usr/share/locale-langpack/en_GB/LC_MESSAGES/libc.mo
7f152470d000-7f15247df000 rw-p 00000000 00:00 0 
7f15247df000-7f15247e2000 ---p 00000000 00:00 0 
7f15247e2000-7f15248e4000 rw-p 00000000 00:00 0                          [stack:22367]
7f15248e4000-7f15248e9000 r--s 00094000 08:06 6571220                    /usr/lib/jvm/java-8-oracle/jre/lib/jsse.jar
7f15248e9000-7f15248fd000 rw-p 00000000 00:00 0 
7f15248fd000-7f1524905000 rw-s 00000000 08:06 1205393                    /tmp/hsperfdata_user/22362
7f1524905000-7f1524906000 rw-p 00000000 00:00 0 
7f1524906000-7f1524907000 ---p 00000000 00:00 0 
7f1524907000-7f1524909000 rw-p 00000000 00:00 0 
7f1524909000-7f152490a000 r--p 00022000 08:06 5127525                    /lib/x86_64-linux-gnu/ld-2.19.so
7f152490a000-7f152490b000 rw-p 00023000 08:06 5127525                    /lib/x86_64-linux-gnu/ld-2.19.so
7f152490b000-7f152490c000 rw-p 00000000 00:00 0 
7ffffd73f000-7ffffd761000 rw-p 00000000 00:00 0                          [stack]
7ffffd7de000-7ffffd7e0000 r-xp 00000000 00:00 0                          [vdso]
ffffffffff600000-ffffffffff601000 r-xp 00000000 00:00 0                  [vsyscall]

VM Arguments:
jvm_args: -Xmx1024M -Dfile.encoding=UTF-8 -Duser.country=GB -Duser.language=en -Duser.variant 
java_command: com.android.dx.command.Main --dex --output /home/user/Software/Scratchpad/CatLover/app/build/intermediates/dex/debug /home/user/Software/Scratchpad/CatLover/app/build/intermediates/classes/debug /home/user/Software/Scratchpad/CatLover/app/build/intermediates/pre-dexed/debug/hugo-annotations-1.2.1-84b24aee671d5fe2defdc102f8c692f5d5d1f912.jar /home/user/Software/Scratchpad/CatLover/app/build/intermediates/pre-dexed/debug/javax.inject-1-acf191bd8093ceb23d8fe4c01579f169231f94e9.jar /home/user/Software/Scratchpad/CatLover/app/build/intermediates/pre-dexed/debug/support-annotations-22.1.1-a842cf6837cb112d125131fac4bd23880ae5d94c.jar /home/user/Software/Scratchpad/CatLover/app/build/intermediates/pre-dexed/debug/classes-06c94a4f9cdb09ed7ef207c82a78c7dc549ce544.jar /home/user/Software/Scratchpad/CatLover/app/build/intermediates/pre-dexed/debug/classes-d36a56c72b9811e1a9b4e36b6da1025d0a481455.jar /home/user/Software/Scratchpad/CatLover/app/build/intermediates/pre-dexed/debug/classes-390097948ee2cd57a1a6f6ef1a4ea6957c2ea502.jar /home/user/Software/Scratchpad/CatLover/app/build/intermediates/pre-dexed/debug/otto-1.3.6-7c63126e95fd5dcae378a9d2fc105e6ce5818cd5.jar /home/user/Software/Scratchpad/CatLover/app/build/intermediates/pre-dexed/debug/classes-47198f906f6adf28db43d93ef653e1755b22adac.jar /home/user/Software/Scratchpad/CatLover/app/build/intermediates/pre-dexed/debug/classes-5c479e32396cdb577ca41825d6ba21a05f06a362.jar /home/user/Software/Scratchpad/CatLover/app/build/intermediates/pre-dexed/debug/classes-cad0653da9e40bafc1a1af5bed3939d1750a8040.jar /home/user/Software/Scratchpad/CatLover/app/build/intermediates/pre-dexed/debug/classes-9bf89b8d2dd876567ad7eeba6591b86c9f6d5893.jar /home/user/Software/Scratchpad/CatLover/app/build/intermediates/pre-dexed/debug/okhttp-urlconnection-2.0.0-d5f4e5b1c79b0b07ec62b4b25ca6f0ee1cbb5301.jar /home/user/Software/Scratchpad/CatLover/app/build/intermediates/pre-dexed/debug/classes-1d2cca4fc021f78067c16e38bf1f07f8ce8ddeb3.j
java_class_path (initial): /home/user/Android/Sdk/build-tools/22.0.1/lib/dx.jar
Launcher Type: SUN_STANDARD

Environment Variables:
PATH=/home/user/.rvm/gems/ruby-2.2.0-preview1/bin:/home/user/.rvm/gems/ruby-2.2.0-preview1@global/bin:/home/user/.rvm/rubies/ruby-2.2.0-preview1/bin:/home/user/bin:/usr/local/sbin:/usr/local/bin:/usr/sbin:/usr/bin:/sbin:/bin:/usr/games:/usr/local/games:/home/user/.rvm/bin
LD_LIBRARY_PATH=/home/user/Software/Android/android-studio/bin:
SHELL=/bin/bash
DISPLAY=:0

Signal Handlers:
SIGSEGV: [libjvm.so+0xaad1e0], sa_mask[0]=11111111011111111101111111111110, sa_flags=SA_RESTART|SA_SIGINFO
SIGBUS: [libjvm.so+0xaad1e0], sa_mask[0]=11111111011111111101111111111110, sa_flags=SA_RESTART|SA_SIGINFO
SIGFPE: [libjvm.so+0x90b450], sa_mask[0]=11111111011111111101111111111110, sa_flags=SA_RESTART|SA_SIGINFO
SIGPIPE: [libjvm.so+0x90b450], sa_mask[0]=11111111011111111101111111111110, sa_flags=SA_RESTART|SA_SIGINFO
SIGXFSZ: [libjvm.so+0x90b450], sa_mask[0]=11111111011111111101111111111110, sa_flags=SA_RESTART|SA_SIGINFO
SIGILL: [libjvm.so+0x90b450], sa_mask[0]=11111111011111111101111111111110, sa_flags=SA_RESTART|SA_SIGINFO
SIGUSR1: SIG_DFL, sa_mask[0]=00000000000000000000000000000000, sa_flags=none
SIGUSR2: [libjvm.so+0x90ca90], sa_mask[0]=00100000000000000000000000000000, sa_flags=SA_RESTART|SA_SIGINFO
SIGHUP: [libjvm.so+0x90dde0], sa_mask[0]=11111111011111111101111111111110, sa_flags=SA_RESTART|SA_SIGINFO
SIGINT: [libjvm.so+0x90dde0], sa_mask[0]=11111111011111111101111111111110, sa_flags=SA_RESTART|SA_SIGINFO
SIGTERM: [libjvm.so+0x90dde0], sa_mask[0]=11111111011111111101111111111110, sa_flags=SA_RESTART|SA_SIGINFO
SIGQUIT: [libjvm.so+0x90dde0], sa_mask[0]=11111111011111111101111111111110, sa_flags=SA_RESTART|SA_SIGINFO


---------------  S Y S T E M  ---------------

OS:DISTRIB_ID=Ubuntu
DISTRIB_RELEASE=14.04
DISTRIB_CODENAME=trusty
DISTRIB_DESCRIPTION="Ubuntu 14.04.2 LTS"

uname:Linux 3.13.0-52-generic #86-Ubuntu SMP Mon May 4 04:32:59 UTC 2015 x86_64
libc:glibc 2.19 NPTL 2.19 
rlimit: STACK 8192k, CORE 0k, NPROC 62474, NOFILE 4096, AS infinity
load average:3.12 2.70 2.47

/proc/meminfo:
MemTotal:        8026592 kB
MemFree:          157796 kB
Buffers:            1112 kB
Cached:          2388076 kB
SwapCached:            0 kB
Active:          4834652 kB
Inactive:        2777400 kB
Active(anon):    4810152 kB
Inactive(anon):  2748740 kB
Active(file):      24500 kB
Inactive(file):    28660 kB
Unevictable:          64 kB
Mlocked:              64 kB
SwapTotal:             0 kB
SwapFree:              0 kB
Dirty:               476 kB
Writeback:             0 kB
AnonPages:       5223480 kB
Mapped:           844856 kB
Shmem:           2335476 kB
Slab:             129828 kB
SReclaimable:      74864 kB
SUnreclaim:        54964 kB
KernelStack:        4992 kB
PageTables:        43352 kB
NFS_Unstable:          0 kB
Bounce:                0 kB
WritebackTmp:          0 kB
CommitLimit:     4013296 kB
Committed_AS:   10342944 kB
VmallocTotal:   34359738367 kB
VmallocUsed:      552736 kB
VmallocChunk:   34359111036 kB
HardwareCorrupted:     0 kB
AnonHugePages:   2752512 kB
HugePages_Total:       0
HugePages_Free:        0
HugePages_Rsvd:        0
HugePages_Surp:        0
Hugepagesize:       2048 kB
DirectMap4k:      110848 kB
DirectMap2M:     8126464 kB


CPU:total 4 (2 cores per cpu, 2 threads per core) family 6 model 42 stepping 7, cmov, cx8, fxsr, mmx, sse, sse2, sse3, ssse3, sse4.1, sse4.2, popcnt, avx, clmul, ht, tsc, tscinvbit

/proc/cpuinfo:
processor	: 0
vendor_id	: GenuineIntel
cpu family	: 6
model		: 42
model name	: Intel(R) Core(TM) i3-2350M CPU @ 2.30GHz
stepping	: 7
microcode	: 0x1b
cpu MHz		: 800.000
cache size	: 3072 KB
physical id	: 0
siblings	: 4
core id		: 0
cpu cores	: 2
apicid		: 0
initial apicid	: 0
fpu		: yes
fpu_exception	: yes
cpuid level	: 13
wp		: yes
flags		: fpu vme de pse tsc msr pae mce cx8 apic sep mtrr pge mca cmov pat pse36 clflush dts acpi mmx fxsr sse sse2 ss ht tm pbe syscall nx rdtscp lm constant_tsc arch_perfmon pebs bts rep_good nopl xtopology nonstop_tsc aperfmperf eagerfpu pni pclmulqdq dtes64 monitor ds_cpl vmx est tm2 ssse3 cx16 xtpr pdcm pcid sse4_1 sse4_2 x2apic popcnt tsc_deadline_timer xsave avx lahf_lm arat epb xsaveopt pln pts dtherm tpr_shadow vnmi flexpriority ept vpid
bogomips	: 4589.35
clflush size	: 64
cache_alignment	: 64
address sizes	: 36 bits physical, 48 bits virtual
power management:

processor	: 1
vendor_id	: GenuineIntel
cpu family	: 6
model		: 42
model name	: Intel(R) Core(TM) i3-2350M CPU @ 2.30GHz
stepping	: 7
microcode	: 0x1b
cpu MHz		: 1800.000
cache size	: 3072 KB
physical id	: 0
siblings	: 4
core id		: 0
cpu cores	: 2
apicid		: 1
initial apicid	: 1
fpu		: yes
fpu_exception	: yes
cpuid level	: 13
wp		: yes
flags		: fpu vme de pse tsc msr pae mce cx8 apic sep mtrr pge mca cmov pat pse36 clflush dts acpi mmx fxsr sse sse2 ss ht tm pbe syscall nx rdtscp lm constant_tsc arch_perfmon pebs bts rep_good nopl xtopology nonstop_tsc aperfmperf eagerfpu pni pclmulqdq dtes64 monitor ds_cpl vmx est tm2 ssse3 cx16 xtpr pdcm pcid sse4_1 sse4_2 x2apic popcnt tsc_deadline_timer xsave avx lahf_lm arat epb xsaveopt pln pts dtherm tpr_shadow vnmi flexpriority ept vpid
bogomips	: 4589.35
clflush size	: 64
cache_alignment	: 64
address sizes	: 36 bits physical, 48 bits virtual
power management:

processor	: 2
vendor_id	: GenuineIntel
cpu family	: 6
model		: 42
model name	: Intel(R) Core(TM) i3-2350M CPU @ 2.30GHz
stepping	: 7
microcode	: 0x1b
cpu MHz		: 1800.000
cache size	: 3072 KB
physical id	: 0
siblings	: 4
core id		: 1
cpu cores	: 2
apicid		: 2
initial apicid	: 2
fpu		: yes
fpu_exception	: yes
cpuid level	: 13
wp		: yes
flags		: fpu vme de pse tsc msr pae mce cx8 apic sep mtrr pge mca cmov pat pse36 clflush dts acpi mmx fxsr sse sse2 ss ht tm pbe syscall nx rdtscp lm constant_tsc arch_perfmon pebs bts rep_good nopl xtopology nonstop_tsc aperfmperf eagerfpu pni pclmulqdq dtes64 monitor ds_cpl vmx est tm2 ssse3 cx16 xtpr pdcm pcid sse4_1 sse4_2 x2apic popcnt tsc_deadline_timer xsave avx lahf_lm arat epb xsaveopt pln pts dtherm tpr_shadow vnmi flexpriority ept vpid
bogomips	: 4589.35
clflush size	: 64
cache_alignment	: 64
address sizes	: 36 bits physical, 48 bits virtual
power management:

processor	: 3
vendor_id	: GenuineIntel
cpu family	: 6
model		: 42
model name	: Intel(R) Core(TM) i3-2350M CPU @ 2.30GHz
stepping	: 7
microcode	: 0x1b
cpu MHz		: 800.000
cache size	: 3072 KB
physical id	: 0
siblings	: 4
core id		: 1
cpu cores	: 2
apicid		: 3
initial apicid	: 3
fpu		: yes
fpu_exception	: yes
cpuid level	: 13
wp		: yes
flags		: fpu vme de pse tsc msr pae mce cx8 apic sep mtrr pge mca cmov pat pse36 clflush dts acpi mmx fxsr sse sse2 ss ht tm pbe syscall nx rdtscp lm constant_tsc arch_perfmon pebs bts rep_good nopl xtopology nonstop_tsc aperfmperf eagerfpu pni pclmulqdq dtes64 monitor ds_cpl vmx est tm2 ssse3 cx16 xtpr pdcm pcid sse4_1 sse4_2 x2apic popcnt tsc_deadline_timer xsave avx lahf_lm arat epb xsaveopt pln pts dtherm tpr_shadow vnmi flexpriority ept vpid
bogomips	: 4589.35
clflush size	: 64
cache_alignment	: 64
address sizes	: 36 bits physical, 48 bits virtual
power management:



Memory: 4k page, physical 8026592k(157796k free), swap 0k(0k free)

vm_info: Java HotSpot(TM) 64-Bit Server VM (25.45-b02) for linux-amd64 JRE (1.8.0_45-b14), built on Apr 10 2015 10:07:45 by "java_re" with gcc 4.3.0 20080428 (Red Hat 4.3.0-8)

time: Sun May 17 18:10:43 2015
elapsed time: 9 seconds (0d 0h 0m 9s)

